<?xml version="1.0" encoding="UTF-8"?>
<!-- Generated by org.testng.reporters.JUnitXMLReporter -->
<testsuite ignored="0" hostname="LAPTOP-K4AOHTKA" failures="1" tests="2" name="Test" time="22.923" errors="0" timestamp="2021-10-26T16:42:25 IST">
  <testcase classname="com.testingshastra.uitest.homepagetests.HomePageTest1" name="verifyTitleOfHomePage" time="5.387"/>
  <testcase classname="com.testingshastra.uitest.uitests.SignupPageTest1" name="validateFullNameFieldForCorrectInput" time="10.479">
    <failure type="java.lang.ArrayIndexOutOfBoundsException" message="Index 1 out of bounds for length 1">
      <![CDATA[java.lang.ArrayIndexOutOfBoundsException: Index 1 out of bounds for length 1
at com.testingshastra.keywords.UIkeyword1.enterText(UIkeyword1.java:151)
at com.testingshastra.uitest.uitests.SignupPageTest1.validateFullNameFieldForCorrectInput(SignupPageTest1.java:32)
at java.base/java.util.ArrayList.forEach(ArrayList.java:1511)
... Removed 27 stack frames]]>
    </failure>
  </testcase> <!-- validateFullNameFieldForCorrectInput -->
</testsuite> <!-- Test -->
